c:\users\grinch_\source\repos\cleoimgui\release\depend.pdb
c:\users\grinch_\source\repos\cleoimgui\cleoimgui\depend\release\kiero.obj
c:\users\grinch_\source\repos\cleoimgui\cleoimgui\depend\release\imgui_widgets.obj
c:\users\grinch_\source\repos\cleoimgui\cleoimgui\depend\release\imgui_tables.obj
c:\users\grinch_\source\repos\cleoimgui\cleoimgui\depend\release\imgui_impl_win32.obj
c:\users\grinch_\source\repos\cleoimgui\cleoimgui\depend\release\imgui_impl_dx9.obj
c:\users\grinch_\source\repos\cleoimgui\cleoimgui\depend\release\imgui_impl_dx11.obj
c:\users\grinch_\source\repos\cleoimgui\cleoimgui\depend\release\imgui_draw.obj
c:\users\grinch_\source\repos\cleoimgui\cleoimgui\depend\release\imgui_demo.obj
c:\users\grinch_\source\repos\cleoimgui\cleoimgui\depend\release\imgui.obj
c:\users\grinch_\source\repos\cleoimgui\cleoimgui\depend\release\trampoline.obj
c:\users\grinch_\source\repos\cleoimgui\cleoimgui\depend\release\hook.obj
c:\users\grinch_\source\repos\cleoimgui\cleoimgui\depend\release\hde32.obj
c:\users\grinch_\source\repos\cleoimgui\cleoimgui\depend\release\buffer.obj
c:\users\grinch_\source\repos\cleoimgui\release\depend.lib
c:\users\grinch_\source\repos\cleoimgui\cleoimgui\depend\release\depend.tlog\cl.command.1.tlog
c:\users\grinch_\source\repos\cleoimgui\cleoimgui\depend\release\depend.tlog\cl.read.1.tlog
c:\users\grinch_\source\repos\cleoimgui\cleoimgui\depend\release\depend.tlog\cl.write.1.tlog
c:\users\grinch_\source\repos\cleoimgui\cleoimgui\depend\release\depend.tlog\lib-link.read.1.tlog
c:\users\grinch_\source\repos\cleoimgui\cleoimgui\depend\release\depend.tlog\lib-link.write.1.tlog
c:\users\grinch_\source\repos\cleoimgui\cleoimgui\depend\release\depend.tlog\lib.command.1.tlog
